c:\users\user\source\repos\mpi_project\mpi_project\debug\mpi_project.pch
c:\users\user\source\repos\mpi_project\mpi_project\debug\vc141.pdb
c:\users\user\source\repos\mpi_project\mpi_project\debug\vc141.idb
c:\users\user\source\repos\mpi_project\mpi_project\debug\pch.obj
c:\users\user\source\repos\mpi_project\mpi_project\debug\mpi_project.obj
c:\users\user\source\repos\mpi_project1\mpi_project\debug\mpi_project.pch
c:\users\user\source\repos\mpi_project1\mpi_project\debug\vc141.pdb
c:\users\user\source\repos\mpi_project1\mpi_project\debug\vc141.idb
c:\users\user\source\repos\mpi_project1\mpi_project\debug\pch.obj
c:\users\user\source\repos\mpi_project1\mpi_project\debug\mpi_project.obj
c:\users\user\source\repos\mpi_project\debug\mpi_project.exe
c:\users\user\source\repos\mpi_project\debug\mpi_project.ilk
c:\users\user\source\repos\mpi_project\debug\mpi_project.pdb
c:\users\user\source\repos\mpi_project1\debug\mpi_project.pdb
c:\users\user\source\repos\mpi_project1\debug\mpi_project.exe
c:\users\user\source\repos\mpi_project1\debug\mpi_project.ilk
c:\users\user\source\repos\mpi_project1\mpi_project\debug\mpi_project.tlog\cl.command.1.tlog
c:\users\user\source\repos\mpi_project1\mpi_project\debug\mpi_project.tlog\cl.read.1.tlog
c:\users\user\source\repos\mpi_project1\mpi_project\debug\mpi_project.tlog\cl.write.1.tlog
c:\users\user\source\repos\mpi_project1\mpi_project\debug\mpi_project.tlog\link.command.1.tlog
c:\users\user\source\repos\mpi_project1\mpi_project\debug\mpi_project.tlog\link.read.1.tlog
c:\users\user\source\repos\mpi_project1\mpi_project\debug\mpi_project.tlog\link.write.1.tlog
